make all --print-data-base --no-builtin-variables --no-builtin-rules --question
# GNU Make 4.3
# Built for x86_64-pc-linux-gnu
# Copyright (C) 1988-2020 Free Software Foundation, Inc.
# License GPLv3+: GNU GPL version 3 or later <http://gnu.org/licenses/gpl.html>
# This is free software: you are free to change and redistribute it.
# There is NO WARRANTY, to the extent permitted by law.

# Make data base, printed on Sun Mar 22 10:27:52 2026

# Variables

# environment
GDK_BACKEND = x11
# environment
MEMORY_PRESSURE_WRITE = c29tZSAyMDAwMDAgMjAwMDAwMAA=
# makefile (from 'Makefile', line 12)
AS = nasm
# environment
LC_ALL = C
# environment
GNOME_SHELL_SESSION_MODE = ubuntu
# environment
FONTCONFIG_PATH = /etc/fonts
# environment
GJS_DEBUG_OUTPUT = stderr
# environment
SNAP_LAUNCHER_ARCH_TRIPLET = x86_64-linux-gnu
# environment
VSCODE_CRASH_REPORTER_PROCESS_TYPE = extensionHost
# environment
VSCODE_CWD = /home/eloizamonteiro
# default
MAKE_COMMAND := make
# environment
QT_ACCESSIBILITY = 1
# automatic
@D = $(patsubst %/,%,$(dir $@))
# environment
SNAP_INSTANCE_NAME = code
# environment
GDK_PIXBUF_MODULEDIR = /snap/code/230/usr/lib/x86_64-linux-gnu/gdk-pixbuf-2.0/2.10.0/loaders
# environment
VSCODE_HANDLES_UNCAUGHT_ERRORS = true
# default
.VARIABLES := 
# environment
PWD = /home/eloizamonteiro/so-projeto-final
# automatic
%D = $(patsubst %/,%,$(dir $%))
# environment
XDG_DATA_DIRS = /home/eloizamonteiro/snap/code/230/.local/share:/home/eloizamonteiro/snap/code/230:/snap/code/230/usr/share:/usr/share/ubuntu:/usr/share/gnome:/usr/local/share/:/usr/share/:/var/lib/snapd/desktop
# environment
SNAP_EUID = 1000
# automatic
^D = $(patsubst %/,%,$(dir $^))
# automatic
%F = $(notdir $%)
# environment
VSCODE_CODE_CACHE_PATH = /home/eloizamonteiro/.config/Code/CachedData/07ff9d6178ede9a1bd12ad3399074d726ebe6e43
# environment
LANG = C
# environment
XAUTHORITY = /run/user/1000/.mutter-Xwaylandauth.VW9HM3
# default
.LOADED := 
# default
.INCLUDE_DIRS = /usr/local/include /usr/include /usr/include
# environment
MEMORY_PRESSURE_WATCH = /sys/fs/cgroup/user.slice/user-1000.slice/user@1000.service/session.slice/org.gnome.Shell@wayland.service/memory.pressure
# makefile
MAKEFLAGS = pqrR
# makefile
CURDIR := /home/eloizamonteiro/so-projeto-final
# environment
APPLICATION_INSIGHTS_NO_DIAGNOSTIC_CHANNEL = true
# environment
LESSOPEN = | /usr/bin/lesspipe %s
# environment
VSCODE_L10N_BUNDLE_LOCATION = file:///home/eloizamonteiro/.vscode/extensions/ms-ceintl.vscode-language-pack-pt-br-1.110.2026031919/translations/extensions/vscode.json-language-features.i18n.json
# automatic
*D = $(patsubst %/,%,$(dir $*))
# environment
MFLAGS = -pqrR
# environment
SSH_AUTH_SOCK = /run/user/1000/keyring/ssh
# default
.SHELLFLAGS := -c
# environment
WAYLAND_DISPLAY = wayland-0
# environment
XDG_CONFIG_DIRS = /etc/xdg/xdg-ubuntu:/etc/xdg
# automatic
+D = $(patsubst %/,%,$(dir $+))
# environment
XDG_SESSION_DESKTOP = ubuntu
# makefile (from 'Makefile', line 1)
MAKEFILE_LIST := Makefile
# makefile (from 'Makefile', line 14)
ASFLAGS = -f elf32
# automatic
@F = $(notdir $@)
# environment
VSCODE_PID = 9682
# environment
XDG_SESSION_TYPE = wayland
# automatic
?D = $(patsubst %/,%,$(dir $?))
# makefile (from 'Makefile', line 4)
OBJECTA = loader
# environment
XDG_DATA_HOME = /home/eloizamonteiro/snap/code/230/.local/share
# environment
SESSION_MANAGER = local/eloizamonteiro-IdeaPad-Slim-3-15ARP10:@/tmp/.ICE-unix/2529,unix/eloizamonteiro-IdeaPad-Slim-3-15ARP10:/tmp/.ICE-unix/2529
# automatic
*F = $(notdir $*)
# environment
CHROME_DESKTOP = code.desktop
# environment
DBUS_SESSION_BUS_ADDRESS = unix:path=/run/user/1000/bus
# automatic
<D = $(patsubst %/,%,$(dir $<))
# environment
VSCODE_NLS_CONFIG = {"userLocale":"pt-br","osLocale":"pt-br","resolvedLanguage":"pt-br","defaultMessagesFile":"/snap/code/230/usr/share/code/resources/app/out/nls.messages.json","languagePack":{"translationsConfigFile":"/home/eloizamonteiro/.config/Code/clp/a3f1493c4f0c0cdebc4c7502166c2845.pt-br/tcf.json","messagesFile":"/home/eloizamonteiro/.config/Code/clp/a3f1493c4f0c0cdebc4c7502166c2845.pt-br/07ff9d6178ede9a1bd12ad3399074d726ebe6e43/nls.messages.json","corruptMarkerFile":"/home/eloizamonteiro/.config/Code/clp/a3f1493c4f0c0cdebc4c7502166c2845.pt-br/corrupted.info"},"locale":"pt-br","availableLanguages":{"*":"pt-br"},"_languagePackId":"a3f1493c4f0c0cdebc4c7502166c2845.pt-br","_languagePackSupport":true,"_translationsConfigFile":"/home/eloizamonteiro/.config/Code/clp/a3f1493c4f0c0cdebc4c7502166c2845.pt-br/tcf.json","_cacheRoot":"/home/eloizamonteiro/.config/Code/clp/a3f1493c4f0c0cdebc4c7502166c2845.pt-br","_resolvedLanguagePackCoreLocation":"/home/eloizamonteiro/.config/Code/clp/a3f1493c4f0c0cdebc4c7502166c2845.pt-br/07ff9d6178ede9a1bd12ad3399074d726ebe6e43","_corruptedFile":"/home/eloizamonteiro/.config/Code/clp/a3f1493c4f0c0cdebc4c7502166c2845.pt-br/corrupted.info"}
# default
MAKE_HOST := x86_64-pc-linux-gnu
# environment
GTK_PATH = /snap/code/230/usr/lib/x86_64-linux-gnu/gtk-3.0
# environment
GNOME_DESKTOP_SESSION_ID = this-is-deprecated
# makefile
SHELL = /bin/sh
# default
MAKECMDGOALS := all
# environment
XMODIFIERS = @im=ibus
# environment
GJS_DEBUG_TOPICS = JS ERROR;JS LOG
# environment
SHLVL = 0
# environment
MAKELEVEL := 0
# environment
IM_CONFIG_CHECK_ENV = 1
# default
MAKE = $(MAKE_COMMAND)
# environment
SNAP_COOKIE = bAX4HRh3EP0H7Q3UR5N0rKtj6sh9Y4U-Uq0mJ_GcuZalCW4ezStw
# environment
PATH = /usr/local/sbin:/usr/local/bin:/usr/sbin:/usr/bin:/sbin:/bin:/usr/games:/usr/local/games:/snap/bin:/snap/bin
# default
MAKEFILES := 
# automatic
 
^F = $(notdir $^)
# environment
SNAP_USER_COMMON = /home/eloizamonteiro/snap/code/common
# environment
CLUTTER_DISABLE_MIPMAPPED_TEXT = 1
# environment
SNAP = /snap/code/230
# environment
APPLICATION_INSIGHTS_NO_STATSBEAT = true
# environment
INVOCATION_ID = d65ce388b3c24b2aa8c0e26282c556c4
# environment
SNAP_REVISION = 230
# environment
SNAP_REAL_HOME = /home/eloizamonteiro
# environment
FONTCONFIG_FILE = /etc/fonts/fonts.conf
# environment
USERNAME = eloizamonteiro
# environment
GNOME_SETUP_DISPLAY = :1
# environment
LESSCLOSE = /usr/bin/lesspipe %s %s
# automatic
?F = $(notdir $?)
# environment
GTK_IM_MODULE_FILE = /home/eloizamonteiro/snap/code/common/.cache/immodules/immodules.cache
# environment
XDG_CURRENT_DESKTOP = ubuntu:GNOME
# automatic
+F = $(notdir $+)
# environment
DESKTOP_SESSION = ubuntu
# environment
LOCPATH = /snap/code/230/usr/lib/locale
# makefile (from 'Makefile', line 1)
OBJECTS = build/loader.o build/kmain.o build/outb.o build/inb.o build/io_c.o build/serial_ports.o build/lgdt_f.o build/config_segment_selector.o build/far_jump.o build/gdt.o build/keyboard.o build/interrupt_handler.o build/interrupt_handler_asm.o build/pic.o build/load_lidt.o build/idt.o build/module_loader.o build/pfa.o
# 'override' directive
GNUMAKEFLAGS := 
# environment
XDG_DATA_DIRS_VSCODE_SNAP_ORIG = /usr/share/ubuntu:/usr/share/gnome:/usr/local/share/:/usr/share/:/var/lib/snapd/desktop
# environment
LOGNAME = eloizamonteiro
# environment
GIO_LAUNCHED_DESKTOP_FILE = /var/lib/snapd/desktop/applications/code_code.desktop
# environment
SNAP_ARCH = amd64
# makefile
.DEFAULT_GOAL := all
# environment
SYSTEMD_EXEC_PID = 2562
# environment
DISPLAY = :0
# environment
USER = eloizamonteiro
# environment
GTK_MODULES = gail:atk-bridge
# default
MAKE_VERSION := 4.3
# environment
SNAP_DATA = /var/snap/code/230
# environment
SNAP_CONTEXT = bAX4HRh3EP0H7Q3UR5N0rKtj6sh9Y4U-Uq0mJ_GcuZalCW4ezStw
# makefile (from 'Makefile', line 10)
LDFLAGS = -T linker/link.ld -melf_i386
# environment
MANAGERPID = 2302
# environment
DEBUGINFOD_URLS = https://debuginfod.ubuntu.com 
# environment
GIO_LAUNCHED_DESKTOP_FILE_PID = 9620
# environment
_ = /snap/code/230/usr/share/code/code
# environment
XDG_RUNTIME_DIR = /run/user/1000
# makefile (from 'Makefile', line 8)
CFLAGS = -Iinclude -m32 -nostdlib -nostdinc -fno-builtin -fno-stack-protector -nostartfiles -nodefaultlibs -Wall -Wextra -Werror -c
# environment
SNAP_UID = 1000
# environment
XDG_CONFIG_DIRS_VSCODE_SNAP_ORIG = /etc/xdg/xdg-ubuntu:/etc/xdg
# environment
GDK_PIXBUF_MODULE_FILE = /home/eloizamonteiro/snap/code/common/.cache/gdk-pixbuf-loaders.cache
# environment
FC_FONTATIONS = 1
# environment
GIO_MODULE_DIR = /home/eloizamonteiro/snap/code/common/.cache/gio-modules
# environment
JOURNAL_STREAM = 9:27704
# environment
XDG_SESSION_CLASS = user
# environment
GSM_SKIP_SSH_AGENT_WORKAROUND = true
# environment
HOME = /home/eloizamonteiro
# environment
QT_IM_MODULE = ibus
# environment
ELECTRON_RUN_AS_NODE = 1
# environment
VSCODE_IPC_HOOK = /run/user/1000/vscode-15803dd0-1.11-main.sock
# environment
GTK_EXE_PREFIX = /snap/code/230/usr
# environment
SNAP_NAME = code
# environment
GSETTINGS_SCHEMA_DIR = /home/eloizamonteiro/snap/code/230/.local/share/glib-2.0/schemas
# makefile (from 'Makefile', line 3)
OBJECTC = kmain
# environment
IM_CONFIG_PHASE = 1
# default
.RECIPEPREFIX := 
# automatic
<F = $(notdir $<)
# environment
SNAP_VERSION = 07ff9d61
# default
SUFFIXES := 
# environment
VSCODE_CLI = 1
# environment
ELECTRON_NO_ATTACH_CONSOLE = 1
# environment
SNAP_COMMON = /var/snap/code/common
# default
.FEATURES := target-specific order-only second-expansion else-if shortest-stem undefine oneshell nocomment grouped-target extra-prereqs archives jobserver output-sync check-symlink load
# makefile (from 'Makefile', line 6)
CC = gcc
# environment
SNAP_USER_DATA = /home/eloizamonteiro/snap/code/230
# environment
XDG_MENU_PREFIX = gnome-
# environment
VSCODE_ESM_ENTRYPOINT = vs/workbench/api/node/extensionHostProcess
# environment
GDMSESSION = ubuntu
# environment
SNAP_LIBRARY_PATH = /var/lib/snapd/lib/gl:/var/lib/snapd/lib/gl32
# variable set hash-table stats:
# Load=140/1024=14%, Rehash=0, Collisions=6/174=3%

# Pattern-specific Variable Values

# No pattern-specific variable values.

# Directories

# . (device 66306, inode 4326307): 15 files, no impossibilities.

# 15 files, no impossibilities in 1 directories.

# Implicit Rules

# No implicit rules.

# Files

link_kernel:
#  Phony target (prerequisite of .PHONY).
#  Implicit rule search has not been done.
#  File does not exist.
#  File has not been updated.
#  recipe to execute (from 'Makefile', line 47):
	@mkdir -p iso/boot
	ld $(LDFLAGS) $(OBJECTS) -o iso/boot/kernel.elf

# Not a target:
Makefile:
#  Implicit rule search has been done.
#  Last modified 2026-03-21 15:57:14.271258067
 
#  File has been updated.
#  Successfully updated.

clean:
#  Phony target (prerequisite of .PHONY).
#  Implicit rule search has not been done.
#  Implicit/static pattern stem: ''
#  File does not exist.
#  File has been updated.
#  Needs to be updated (-q is set).
# automatic
# @ := clean
# automatic
# * := 
# automatic
# < := 
# automatic
# + := 
# automatic
# % := 
# automatic
# ^ := 
# automatic
# ? := 
# automatic
# | := 
# variable set hash-table stats:
# Load=8/32=25%, Rehash=0, Collisions=1/11=9%
#  recipe to execute (from 'Makefile', line 65):
	rm -rf build/* out/* iso/boot/kernel.elf || true

generate_iso_image:
#  Phony target (prerequisite of .PHONY).
#  Implicit rule search has not been done.
#  File does not exist.
#  File has not been updated.
#  recipe to execute (from 'Makefile', line 52):
	@mkdir -p out
	genisoimage -R \
	-b boot/grub/stage2_eltorito \
	-no-emul-boot \
	-boot-load-size 4 \
	-A os \
	-input-charset utf8 \
	-quiet \
	-boot-info-table \
	-o out/os.iso \
	iso

# Not a target:
.DEFAULT:
#  Implicit rule search has not been done.
#  Modification time never checked.
#  File has not been updated.

all: clean compile_assembly compile_c_file link_kernel generate_iso_image
#  Phony target (prerequisite of .PHONY).
#  Command line target.
#  Implicit rule search has not been done.
#  File does not exist.
#  File has been updated.
#  Needs to be updated (-q is set).
# variable set hash-table stats:
# Load=0/32=0%, Rehash=0, Collisions=0/3=0%

run: all
#  Phony target (prerequisite of .PHONY).
#  Implicit rule search has not been done.
#  File does not exist.
#  File has not been updated.
#  recipe to execute (from 'Makefile', line 68):
	bochs -f config/bochsrc.txt -q

compile_assembly:
#  Phony target (prerequisite of .PHONY).
#  Implicit rule search has not been done.
#  File does not exist.
#  File has not been updated.
#  recipe to execute (from 'Makefile', line 21):
	@mkdir -p build
	$(AS) $(ASFLAGS) src/boot/$(OBJECTA).s -o build/$(OBJECTA).o
	$(AS) $(ASFLAGS) src/io/outb.s -o build/outb.o
	$(AS) $(ASFLAGS) src/io/inb.s -o build/inb.o
	$(AS) $(ASFLAGS) src/segment/lgdt_f.s -o build/lgdt_f.o
	$(AS) $(ASFLAGS) src/segment/segment_selector.s -o build/config_segment_selector.o
	$(AS) $(ASFLAGS) src/segment/far_jump.s -o build/far_jump.o
	$(AS) $(ASFLAGS) src/interrupts/interrupt_handler.s -o build/interrupt_handler_asm.o
	$(AS) $(ASFLAGS) src/interrupts/load_lidt.s -o build/load_lidt.o

compile_c_file:
#  Phony target (prerequisite of .PHONY).
#  Implicit rule search has not been done.
#  File does not exist.
#  File has not been updated.
#  recipe to execute (from 'Makefile', line 33):
	@mkdir -p build
	$(CC) $(CFLAGS) src/kernel/$(OBJECTC).c -o build/$(OBJECTC).o
	$(CC) $(CFLAGS) src/io/io.c -o build/io_c.o
	$(CC) $(CFLAGS) src/io/serial_ports.c -o build/serial_ports.o
	$(CC) $(CFLAGS) src/segment/gdt.c -o build/gdt.o
	$(CC) $(CFLAGS) src/interrupts/keyboard.c -o build/keyboard.o
	$(CC) $(CFLAGS) src/interrupts/interrupt_handler.c -o build/interrupt_handler.o
	$(CC) $(CFLAGS) src/interrupts/pic.c -o build/pic.o
	$(CC) $(CFLAGS) src/interrupts/idt.c -o build/idt.o
	$(CC) $(CFLAGS) src/kernel/module_loader.c -o build/module_loader.o
	$(CC) $(CFLAGS) src/memory/pfa.c -o build/pfa.o   # adicionando o Page Frame Allocator

# Not a target:
.SUFFIXES:
#  Implicit rule search has not been done.
#  Modification time never checked.
#  File has not been updated.

.PHONY: all compile_assembly compile_c_file link_kernel generate_iso_image run clean
#  Implicit rule search has not been done.
#  Modification time never checked.
#  File has not been updated.

# files hash-table stats:
# Load=11/1024=1%, Rehash=0, Collisions=0/42=0%
# VPATH Search Paths

# No 'vpath' search paths.

# No general ('VPATH' variable) search path.

# strcache buffers: 1 (0) / strings = 27 / storage = 229 B / avg = 8 B
# current buf: size = 8162 B / used = 229 B / count = 27 / avg = 8 B

# strcache performance: lookups = 54 / hit rate = 50%
# hash-table stats:
# Load=27/8192=0%, Rehash=0, Collisions=0/54=0%
# Finished Make data base on Sun Mar 22 10:27:52 2026

 
